[debug] [2023-04-30T00:47:17.342Z] ----------------------------------------------------------------------
[debug] [2023-04-30T00:47:17.344Z] Command:       C:\Program Files\nodejs\node.exe C:\Users\raibr\AppData\Roaming\npm\node_modules\firebase-tools\lib\bin\firebase.js init
[debug] [2023-04-30T00:47:17.344Z] CLI Version:   11.29.1
[debug] [2023-04-30T00:47:17.344Z] Platform:      win32
[debug] [2023-04-30T00:47:17.345Z] Node Version:  v20.0.0
[debug] [2023-04-30T00:47:17.345Z] Time:          Sat Apr 29 2023 20:47:17 GMT-0400 (Eastern Daylight Time)
[debug] [2023-04-30T00:47:17.345Z] ----------------------------------------------------------------------
[debug] 
[debug] [2023-04-30T00:47:17.349Z] > command requires scopes: ["email","openid","https://www.googleapis.com/auth/cloudplatformprojects.readonly","https://www.googleapis.com/auth/firebase","https://www.googleapis.com/auth/cloud-platform"]
[debug] [2023-04-30T00:47:17.349Z] > authorizing via signed-in user (cierraray2@gmail.com)
[info] 
     ######## #### ########  ######## ########     ###     ######  ########
     ##        ##  ##     ## ##       ##     ##  ##   ##  ##       ##
     ######    ##  ########  ######   ########  #########  ######  ######
     ##        ##  ##    ##  ##       ##     ## ##     ##       ## ##
     ##       #### ##     ## ######## ########  ##     ##  ######  ########

You're about to initialize a Firebase project in this directory:

  D:\React-app\photo

[info] 
=== Project Setup
[info] 
[info] First, let's associate this project directory with a Firebase project.
[info] You can create multiple project aliases by running firebase use --add, 
[info] but for now we'll just set up a default project.
[info] 
[debug] [2023-04-30T00:48:25.186Z] >>> [apiv2][query] GET https://firebase.googleapis.com/v1beta1/projects pageSize=100
[debug] [2023-04-30T00:48:25.920Z] <<< [apiv2][status] GET https://firebase.googleapis.com/v1beta1/projects 200
[debug] [2023-04-30T00:48:25.920Z] <<< [apiv2][body] GET https://firebase.googleapis.com/v1beta1/projects [omitted]
[info] i  Using project photo-f70a4 (photo) 
[info] 
=== Hosting Setup
[info] 
[info] Your public directory is the folder (relative to your project directory) that
[info] will contain Hosting assets to be uploaded with firebase deploy. If you
[info] have a build process for your assets, use your build's output directory.
[info] 
[info] +  Wrote public/404.html 
[debug] [2023-04-30T00:49:50.043Z] >>> [apiv2][query] GET https://www.gstatic.com/firebasejs/releases.json [none]
[debug] [2023-04-30T00:49:50.442Z] <<< [apiv2][status] GET https://www.gstatic.com/firebasejs/releases.json 200
[debug] [2023-04-30T00:49:50.442Z] <<< [apiv2][body] GET https://www.gstatic.com/firebasejs/releases.json {"current":{"version":"9.21.0","browserURL":"https://www.gstatic.com/firebasejs/9.21.0/firebase.js","packageURL":"https://www.gstatic.com/firebasejs/9.21.0/firebase.tgz"},"live":{"version":"9.21","browserURL":"https://www.gstatic.com/firebasejs/live/9.21/firebase.js","packageURL":"https://www.gstatic.com/firebasejs/live/9.21/firebase.tgz"},"components":{"analytics":"https://www.gstatic.com/firebasejs/9.21.0/firebase-analytics.js","app":"https://www.gstatic.com/firebasejs/9.21.0/firebase-app.js","app-check":"https://www.gstatic.com/firebasejs/9.21.0/firebase-app-check.js","auth":"https://www.gstatic.com/firebasejs/9.21.0/firebase-auth.js","auth/cordova":"https://www.gstatic.com/firebasejs/9.21.0/firebase-auth/cordova.js","auth/react-native":"https://www.gstatic.com/firebasejs/9.21.0/firebase-auth/react-native.js","functions":"https://www.gstatic.com/firebasejs/9.21.0/firebase-functions.js","firestore":"https://www.gstatic.com/firebasejs/9.21.0/firebase-firestore.js","firestore/lite":"https://www.gstatic.com/firebasejs/9.21.0/firebase-firestore/lite.js","installations":"https://www.gstatic.com/firebasejs/9.21.0/firebase-installations.js","storage":"https://www.gstatic.com/firebasejs/9.21.0/firebase-storage.js","performance":"https://www.gstatic.com/firebasejs/9.21.0/firebase-performance.js","remote-config":"https://www.gstatic.com/firebasejs/9.21.0/firebase-remote-config.js","messaging":"https://www.gstatic.com/firebasejs/9.21.0/firebase-messaging.js","messaging/sw":"https://www.gstatic.com/firebasejs/9.21.0/firebase-messaging/sw.js","database":"https://www.gstatic.com/firebasejs/9.21.0/firebase-database.js","firestore.memory":"https://www.gstatic.com/firebasejs/9.21.0/firebase-firestore.memory.js"}}
[info] i  Skipping write of public/index.html 
[info] 
[info] i  Detected a .git folder at D:\React-app\photo 
[info] i  Authorizing with GitHub to upload your service account to a GitHub repository's secrets store. 
[info] 
[info] Visit this URL on this device to log in:
[info] https://github.com/login/oauth/authorize?client_id=89cf50f02ac6aaed3484&state=1066899283&redirect_uri=http%3A%2F%2Flocalhost%3A9005&scope=read%3Auser%20repo%20public_repo
[info] 
[info] Waiting for authentication...
[debug] [2023-04-30T00:50:09.477Z] >>> [apiv2][query] POST https://github.com/login/oauth/access_token [none]
[debug] [2023-04-30T00:50:09.477Z] >>> [apiv2][body] POST https://github.com/login/oauth/access_token [stream]
[debug] [2023-04-30T00:50:09.706Z] <<< [apiv2][status] POST https://github.com/login/oauth/access_token 200
[debug] [2023-04-30T00:50:09.706Z] <<< [apiv2][body] POST https://github.com/login/oauth/access_token {"access_token":"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","token_type":"bearer","scope":"read:user,repo"}
[debug] [2023-04-30T00:50:09.710Z] >>> [apiv2][query] GET https://api.github.com/user [none]
[debug] [2023-04-30T00:50:10.091Z] <<< [apiv2][status] GET https://api.github.com/user 200
[debug] [2023-04-30T00:50:10.091Z] <<< [apiv2][body] GET https://api.github.com/user {"login":"cierra00","id":30778473,"node_id":"MDQ6VXNlcjMwNzc4NDcz","avatar_url":"https://avatars.githubusercontent.com/u/30778473?v=4","gravatar_id":"","url":"https://api.github.com/users/cierra00","html_url":"https://github.com/cierra00","followers_url":"https://api.github.com/users/cierra00/followers","following_url":"https://api.github.com/users/cierra00/following{/other_user}","gists_url":"https://api.github.com/users/cierra00/gists{/gist_id}","starred_url":"https://api.github.com/users/cierra00/starred{/owner}{/repo}","subscriptions_url":"https://api.github.com/users/cierra00/subscriptions","organizations_url":"https://api.github.com/users/cierra00/orgs","repos_url":"https://api.github.com/users/cierra00/repos","events_url":"https://api.github.com/users/cierra00/events{/privacy}","received_events_url":"https://api.github.com/users/cierra00/received_events","type":"User","site_admin":false,"name":"Cierra Ray","company":null,"blog":"https://iamcierra.com","location":"Orlando Florida","email":null,"hireable":null,"bio":null,"twitter_username":"iamcierra","public_repos":30,"public_gists":0,"followers":0,"following":0,"created_at":"2017-08-06T17:25:05Z","updated_at":"2023-04-14T18:55:12Z","private_gists":0,"total_private_repos":4,"owned_private_repos":4,"disk_usage":229551,"collaborators":0,"two_factor_authentication":false,"plan":{"name":"free","space":976562499,"collaborators":0,"private_repos":10000}}
[info] 
[info] +  Success! Logged into GitHub as cierra00 
[info] 
